C:\USERS\USERPC\DOCUMENTS\VISUAL STUDIO 2010\PROJECTS\CALCULATE\CALCULATE\DEBUG\CALCULATE.EXE.EMBED.MANIFEST
C:\USERS\USERPC\DOCUMENTS\VISUAL STUDIO 2010\PROJECTS\CALCULATE\CALCULATE\DEBUG\CALCULATE.EXE.EMBED.MANIFEST.RES
C:\USERS\USERPC\DOCUMENTS\VISUAL STUDIO 2010\PROJECTS\CALCULATE\CALCULATE\DEBUG\CALCULATE.EXE.INTERMEDIATE.MANIFEST
C:\USERS\USERPC\DOCUMENTS\VISUAL STUDIO 2010\PROJECTS\CALCULATE\CALCULATE\DEBUG\CALCULATE.OBJ
C:\Users\UserPC\Documents\Visual Studio 2010\Projects\calculate\calculate\Debug\calculate.vcxprojResolveAssemblyReference.cache
C:\Users\UserPC\Documents\Visual Studio 2010\Projects\calculate\calculate\Debug\calculate.write.1.tlog
C:\Users\UserPC\Documents\Visual Studio 2010\Projects\calculate\calculate\Debug\calculate_manifest.rc
C:\Users\UserPC\Documents\Visual Studio 2010\Projects\calculate\calculate\Debug\cl.command.1.tlog
C:\Users\UserPC\Documents\Visual Studio 2010\Projects\calculate\calculate\Debug\CL.read.1.tlog
C:\Users\UserPC\Documents\Visual Studio 2010\Projects\calculate\calculate\Debug\CL.write.1.tlog
C:\Users\UserPC\Documents\Visual Studio 2010\Projects\calculate\calculate\Debug\link.10828.read.1.tlog
C:\Users\UserPC\Documents\Visual Studio 2010\Projects\calculate\calculate\Debug\link.10828.write.1.tlog
C:\Users\UserPC\Documents\Visual Studio 2010\Projects\calculate\calculate\Debug\link.10828-cvtres.read.1.tlog
C:\Users\UserPC\Documents\Visual Studio 2010\Projects\calculate\calculate\Debug\link.10828-cvtres.write.1.tlog
C:\Users\UserPC\Documents\Visual Studio 2010\Projects\calculate\calculate\Debug\link.12040.read.1.tlog
C:\Users\UserPC\Documents\Visual Studio 2010\Projects\calculate\calculate\Debug\link.12040.write.1.tlog
C:\Users\UserPC\Documents\Visual Studio 2010\Projects\calculate\calculate\Debug\link.12040-cvtres.read.1.tlog
C:\Users\UserPC\Documents\Visual Studio 2010\Projects\calculate\calculate\Debug\link.12040-cvtres.write.1.tlog
C:\Users\UserPC\Documents\Visual Studio 2010\Projects\calculate\calculate\Debug\link.13244.read.1.tlog
C:\Users\UserPC\Documents\Visual Studio 2010\Projects\calculate\calculate\Debug\link.13244.write.1.tlog
C:\Users\UserPC\Documents\Visual Studio 2010\Projects\calculate\calculate\Debug\link.13244-cvtres.read.1.tlog
C:\Users\UserPC\Documents\Visual Studio 2010\Projects\calculate\calculate\Debug\link.13244-cvtres.write.1.tlog
C:\Users\UserPC\Documents\Visual Studio 2010\Projects\calculate\calculate\Debug\link.8076.read.1.tlog
C:\Users\UserPC\Documents\Visual Studio 2010\Projects\calculate\calculate\Debug\link.8076.write.1.tlog
C:\Users\UserPC\Documents\Visual Studio 2010\Projects\calculate\calculate\Debug\link.8076-cvtres.read.1.tlog
C:\Users\UserPC\Documents\Visual Studio 2010\Projects\calculate\calculate\Debug\link.8076-cvtres.write.1.tlog
C:\Users\UserPC\Documents\Visual Studio 2010\Projects\calculate\calculate\Debug\link.8132.read.1.tlog
C:\Users\UserPC\Documents\Visual Studio 2010\Projects\calculate\calculate\Debug\link.8132.write.1.tlog
C:\Users\UserPC\Documents\Visual Studio 2010\Projects\calculate\calculate\Debug\link.8132-cvtres.read.1.tlog
C:\Users\UserPC\Documents\Visual Studio 2010\Projects\calculate\calculate\Debug\link.8132-cvtres.write.1.tlog
C:\Users\UserPC\Documents\Visual Studio 2010\Projects\calculate\calculate\Debug\link.command.1.tlog
C:\Users\UserPC\Documents\Visual Studio 2010\Projects\calculate\calculate\Debug\link.read.1.tlog
C:\Users\UserPC\Documents\Visual Studio 2010\Projects\calculate\calculate\Debug\link.write.1.tlog
C:\Users\UserPC\Documents\Visual Studio 2010\Projects\calculate\calculate\Debug\link-cvtres.read.1.tlog
C:\Users\UserPC\Documents\Visual Studio 2010\Projects\calculate\calculate\Debug\link-cvtres.write.1.tlog
C:\Users\UserPC\Documents\Visual Studio 2010\Projects\calculate\calculate\Debug\mt.command.1.tlog
C:\Users\UserPC\Documents\Visual Studio 2010\Projects\calculate\calculate\Debug\mt.read.1.tlog
C:\Users\UserPC\Documents\Visual Studio 2010\Projects\calculate\calculate\Debug\mt.write.1.tlog
C:\Users\UserPC\Documents\Visual Studio 2010\Projects\calculate\calculate\Debug\rc.command.1.tlog
C:\Users\UserPC\Documents\Visual Studio 2010\Projects\calculate\calculate\Debug\rc.read.1.tlog
C:\Users\UserPC\Documents\Visual Studio 2010\Projects\calculate\calculate\Debug\rc.write.1.tlog
C:\Users\UserPC\Documents\Visual Studio 2010\Projects\calculate\calculate\Debug\vc100.idb
C:\USERS\USERPC\DOCUMENTS\VISUAL STUDIO 2010\PROJECTS\CALCULATE\CALCULATE\DEBUG\VC100.PDB
C:\USERS\USERPC\DOCUMENTS\VISUAL STUDIO 2010\PROJECTS\CALCULATE\DEBUG\CALCULATE.EXE
C:\USERS\USERPC\DOCUMENTS\VISUAL STUDIO 2010\PROJECTS\CALCULATE\DEBUG\CALCULATE.ILK
C:\USERS\USERPC\DOCUMENTS\VISUAL STUDIO 2010\PROJECTS\CALCULATE\DEBUG\CALCULATE.PDB
